<?xml version="1.0" encoding="UTF-8"?>
<!-- Generated by org.testng.reporters.JUnitReportReporter -->
<testsuite hostname="DESKTOP-NQ2L7NS" failures="0" tests="1" name="DataDriven.ExcelData" time="1.298" errors="0" timestamp="16 Nov 2023 05:47:59 GMT" skipped="0">
  <testcase classname="DataDriven.ExcelData" name="exceldata" time="1.298"/>
</testsuite> <!-- DataDriven.ExcelData -->
