<?xml version="1.0" encoding="UTF-8"?>
<!-- Generated by org.testng.reporters.JUnitReportReporter -->
<testsuite hostname="DESKTOP-NQ2L7NS" failures="0" tests="9" name="DataDriven.login" time="163.609" errors="0" timestamp="17 Nov 2023 06:26:39 GMT" skipped="0">
  <testcase classname="DataDriven.login" name="logIn" time="16.519"/>
  <testcase classname="DataDriven.login" name="logIn" time="19.210"/>
  <testcase classname="DataDriven.login" name="logIn" time="20.714"/>
  <testcase classname="DataDriven.login" name="logIn" time="13.556"/>
  <testcase classname="DataDriven.login" name="logIn" time="14.348"/>
  <testcase classname="DataDriven.login" name="logIn" time="19.346"/>
  <testcase classname="DataDriven.login" name="logIn" time="25.049"/>
  <testcase classname="DataDriven.login" name="logIn" time="19.662"/>
  <testcase classname="DataDriven.login" name="logIn" time="15.205"/>
</testsuite> <!-- DataDriven.login -->
