<?xml version="1.0" encoding="UTF-8"?>
<!-- Generated by org.testng.reporters.JUnitReportReporter -->
<testsuite hostname="DESKTOP-NQ2L7NS" failures="0" tests="9" name="DataDriven.login" time="196.704" errors="0" timestamp="16 Nov 2023 12:44:04 GMT" skipped="0">
  <testcase classname="DataDriven.login" name="logIn" time="16.970"/>
  <testcase classname="DataDriven.login" name="logIn" time="23.158"/>
  <testcase classname="DataDriven.login" name="logIn" time="19.798"/>
  <testcase classname="DataDriven.login" name="logIn" time="31.424"/>
  <testcase classname="DataDriven.login" name="logIn" time="17.301"/>
  <testcase classname="DataDriven.login" name="logIn" time="20.864"/>
  <testcase classname="DataDriven.login" name="logIn" time="25.820"/>
  <testcase classname="DataDriven.login" name="logIn" time="18.125"/>
  <testcase classname="DataDriven.login" name="logIn" time="23.244"/>
</testsuite> <!-- DataDriven.login -->
